           _                 _    
  __ _  __| |_ __ __ _ _ __ | |_  
 / _` |/ _` | '__/ _` | '_ \| __| 
| (_| | (_| | | | (_| | | | | |_  
 \__, |\__,_|_|  \__,_|_| |_|\__| 
    |_|                           

Version: 1.11.4, build: d8b6e4a0
Access web UI at http://localhost:6333/dashboard

2024-09-25T10:50:29.319837Z  INFO storage::content_manager::consensus::persistent: Loading raft state from ./storage/raft_state.json    
2024-09-25T10:50:29.320371Z DEBUG storage::content_manager::consensus::persistent: State: Persistent { state: RaftState { hard_state: HardState { term: 0, vote: 0, commit: 0 }, conf_state: ConfState { voters: [7783529351077253], learners: [], voters_outgoing: [], learners_next: [], auto_leave: false } }, latest_snapshot_meta: SnapshotMetadataSer { term: 0, index: 0 }, apply_progress_queue: EntryApplyProgressQueue(None), peer_address_by_id: RwLock { data: {} }, peer_metadata_by_id: RwLock { data: {} }, cluster_metadata: {}, this_peer_id: 7783529351077253, path: "./storage/raft_state.json", dirty: false }    
2024-09-25T10:50:29.352431Z  INFO storage::content_manager::toc: Loading collection: default    
2024-09-25T10:50:29.545187Z  INFO collection::shards::local_shard: Recovering collection default: 0/1 (0%)    
2024-09-25T10:50:29.581540Z  INFO collection::shards::local_shard: Recovered collection default: 1/1 (100%)    
2024-09-25T10:50:29.585543Z DEBUG qdrant: Loaded collection: default    
2024-09-25T10:50:29.585565Z  INFO qdrant: Distributed mode disabled    
2024-09-25T10:50:29.585581Z  INFO qdrant: Telemetry reporting disabled    
2024-09-25T10:50:29.585735Z DEBUG qdrant: Waiting for thread web to finish    
2024-09-25T10:50:29.586795Z  WARN qdrant::actix::web_ui: Static content folder for Web UI './static' does not exist    
2024-09-25T10:50:29.587464Z  INFO qdrant::actix: TLS disabled for REST API    
2024-09-25T10:50:29.587502Z  INFO qdrant::actix: Qdrant HTTP listening on 6333    
2024-09-25T10:50:29.587523Z  INFO actix_server::builder: Starting 15 workers
2024-09-25T10:50:29.587529Z  INFO actix_server::server: Actix runtime found; starting in Actix runtime
2024-09-25T10:50:29.588844Z  INFO qdrant::tonic: Qdrant gRPC listening on 6334    
2024-09-25T10:50:29.588859Z  INFO qdrant::tonic: TLS disabled for gRPC API    
2024-09-25T10:50:39.348214Z  INFO storage::content_manager::toc::collection_meta_ops: Deleting collection default    
2024-09-25T10:50:39.349170Z DEBUG collection::update_handler: Stopping flush worker.    
2024-09-25T10:50:39.358492Z  INFO actix_web::middleware::logger: 127.0.0.1 "DELETE /collections/default HTTP/1.1" 200 48 "-" "curl/7.81.0" 0.011541    
2024-09-25T10:55:34.876281Z DEBUG storage::content_manager::snapshots::recover: Downloading snapshot from file:///root/gaianet/qdrant/snapshots/default/default.snapshot to /root/gaianet/qdrant/./snapshots/tmp/download-HNNo2b    
2024-09-25T10:55:34.876359Z DEBUG storage::content_manager::snapshots::recover: Snapshot downloaded to /root/gaianet/qdrant/snapshots/default/default.snapshot    
2024-09-25T10:55:34.877273Z DEBUG storage::content_manager::snapshots::recover: Recovering collection default from snapshot /root/gaianet/qdrant/snapshots/default/default.snapshot    
2024-09-25T10:55:34.877282Z DEBUG storage::content_manager::snapshots::recover: Unpacking snapshot to /root/gaianet/qdrant/./storage/tmp/col-default-recovery-7zK7Cf    
2024-09-25T10:55:36.086605Z DEBUG storage::content_manager::snapshots::recover: Collection default does not exist, creating it    
2024-09-25T10:55:36.086970Z  INFO storage::content_manager::toc::collection_meta_ops: Creating collection default    
2024-09-25T10:55:36.267162Z DEBUG collection::collection: Changing shard default:0 replica state from Some(Initializing) to Active    
2024-09-25T10:55:36.267197Z DEBUG collection::shards::replica_set: Changing local shard default:0 state from Some(Initializing) to Active    
2024-09-25T10:55:36.269990Z DEBUG storage::content_manager::snapshots::recover: Recovering shard 0 from /root/gaianet/qdrant/./storage/tmp/col-default-recovery-7zK7Cf/0    
2024-09-25T10:55:36.270721Z DEBUG collection::update_handler: Stopping flush worker.    
2024-09-25T10:55:36.412073Z  INFO collection::shards::local_shard: Recovering collection default: 0/23 (0%)    
2024-09-25T10:55:36.454011Z  INFO collection::shards::local_shard: Recovered collection default: 23/23 (100%)    
2024-09-25T10:55:36.455726Z DEBUG storage::content_manager::snapshots::recover: Activating shard 0 of collection default locally    
2024-09-25T10:55:36.455751Z DEBUG collection::collection: Changing shard default:0 replica state from Some(Active) to Active    
2024-09-25T10:55:36.455764Z DEBUG collection::shards::replica_set: Changing local shard default:0 state from Some(Active) to Active    
2024-09-25T10:55:36.459024Z  INFO actix_web::middleware::logger: 127.0.0.1 "POST /collections/default/snapshots/upload?priority=snapshot HTTP/1.1" 200 48 "-" "curl/7.81.0" 2.087941    
2024-09-25T10:55:41.504600Z DEBUG qdrant::tonic: Stopping gRPC service on SIGTERM    
2024-09-25T10:55:41.504704Z  INFO actix_server::server: SIGTERM received; starting graceful shutdown
2024-09-25T10:55:41.504824Z DEBUG actix_server::accept: Paused accepting connections on 127.0.0.1:6333
2024-09-25T10:55:41.504842Z  INFO actix_server::accept: Accept thread stopped
2024-09-25T10:55:41.504942Z  INFO actix_server::worker: Shutting down idle worker
2024-09-25T10:55:41.505029Z  INFO actix_server::worker: Shutting down idle worker
2024-09-25T10:55:41.505062Z  INFO actix_server::worker: Shutting down idle worker
2024-09-25T10:55:41.505067Z  INFO actix_server::worker: Shutting down idle worker
2024-09-25T10:55:41.505106Z  INFO actix_server::worker: Shutting down idle worker
2024-09-25T10:55:41.505111Z  INFO actix_server::worker: Shutting down idle worker
2024-09-25T10:55:41.505147Z  INFO actix_server::worker: Shutting down idle worker
2024-09-25T10:55:41.505149Z  INFO actix_server::worker: Shutting down idle worker
2024-09-25T10:55:41.505189Z  INFO actix_server::worker: Shutting down idle worker
2024-09-25T10:55:41.505203Z  INFO actix_server::worker: Shutting down idle worker
2024-09-25T10:55:41.505238Z  INFO actix_server::worker: Shutting down idle worker
2024-09-25T10:55:41.505243Z  INFO actix_server::worker: Shutting down idle worker
2024-09-25T10:55:41.505288Z  INFO actix_server::worker: Shutting down idle worker
2024-09-25T10:55:41.505430Z  INFO actix_server::worker: Shutting down idle worker
2024-09-25T10:55:41.505557Z  INFO actix_server::worker: Shutting down idle worker
2024-09-25T10:55:41.817862Z DEBUG qdrant: Waiting for thread grpc to finish    
2024-09-25T10:55:41.818454Z DEBUG collection::update_handler: Stopping flush worker.    
