           _                 _    
  __ _  __| |_ __ __ _ _ __ | |_  
 / _` |/ _` | '__/ _` | '_ \| __| 
| (_| | (_| | | | (_| | | | | |_  
 \__, |\__,_|_|  \__,_|_| |_|\__| 
    |_|                           

Version: 1.11.4, build: d8b6e4a0
Access web UI at http://localhost:6333/dashboard

2024-09-25T10:59:52.958314Z  INFO storage::content_manager::consensus::persistent: Loading raft state from ./storage/raft_state.json    
2024-09-25T10:59:52.958584Z DEBUG storage::content_manager::consensus::persistent: State: Persistent { state: RaftState { hard_state: HardState { term: 0, vote: 0, commit: 0 }, conf_state: ConfState { voters: [7783529351077253], learners: [], voters_outgoing: [], learners_next: [], auto_leave: false } }, latest_snapshot_meta: SnapshotMetadataSer { term: 0, index: 0 }, apply_progress_queue: EntryApplyProgressQueue(None), peer_address_by_id: RwLock { data: {} }, peer_metadata_by_id: RwLock { data: {} }, cluster_metadata: {}, this_peer_id: 7783529351077253, path: "./storage/raft_state.json", dirty: false }    
2024-09-25T10:59:52.990105Z  INFO storage::content_manager::toc: Loading collection: default    
2024-09-25T10:59:53.157619Z  INFO collection::shards::local_shard: Recovering collection default: 0/1 (0%)    
2024-09-25T10:59:53.192511Z  INFO collection::shards::local_shard: Recovered collection default: 1/1 (100%)    
2024-09-25T10:59:53.196645Z DEBUG qdrant: Loaded collection: default    
2024-09-25T10:59:53.196659Z  INFO qdrant: Distributed mode disabled    
2024-09-25T10:59:53.196675Z  INFO qdrant: Telemetry reporting disabled    
2024-09-25T10:59:53.196933Z DEBUG qdrant: Waiting for thread web to finish    
2024-09-25T10:59:53.197299Z  WARN qdrant::actix::web_ui: Static content folder for Web UI './static' does not exist    
2024-09-25T10:59:53.197945Z  INFO qdrant::actix: TLS disabled for REST API    
2024-09-25T10:59:53.198080Z  INFO qdrant::actix: Qdrant HTTP listening on 6333    
2024-09-25T10:59:53.198092Z  INFO actix_server::builder: Starting 15 workers
2024-09-25T10:59:53.198102Z  INFO actix_server::server: Actix runtime found; starting in Actix runtime
2024-09-25T10:59:53.200485Z  INFO qdrant::tonic: Qdrant gRPC listening on 6334    
2024-09-25T10:59:53.200499Z  INFO qdrant::tonic: TLS disabled for gRPC API    
2024-09-25T11:00:07.369060Z  INFO actix_web::middleware::logger: 127.0.0.1 "POST /collections/default/points/search HTTP/1.1" 200 46 "-" "-" 0.003393    
2024-09-25T11:21:19.709415Z  INFO actix_web::middleware::logger: 127.0.0.1 "POST /collections/default/points/search HTTP/1.1" 200 46 "-" "-" 0.002618    
2024-09-25T11:29:11.749474Z  INFO actix_web::middleware::logger: 127.0.0.1 "POST /collections/default/points/search HTTP/1.1" 200 30666 "-" "-" 0.003226    
2024-09-25T11:30:35.344332Z  INFO actix_web::middleware::logger: 127.0.0.1 "POST /collections/default/points/search HTTP/1.1" 200 31369 "-" "-" 0.002451    
2024-09-25T12:18:47.696191Z  INFO actix_web::middleware::logger: 127.0.0.1 "POST /collections/default/points/search HTTP/1.1" 200 46 "-" "-" 0.020756    
